<?xml version="1.0" encoding="UTF-8"?>
<testng-results ignored="0" total="1" passed="1" failed="0" skipped="0">
  <reporter-output>
  </reporter-output>
  <suite started-at="2023-01-11T15:23:10 WIB" name="Suite" finished-at="2023-01-11T15:23:15 WIB" duration-ms="4829">
    <groups>
    </groups>
    <test started-at="2023-01-11T15:23:10 WIB" name="Test" finished-at="2023-01-11T15:23:15 WIB" duration-ms="4829">
      <class name="com.test.tokopedia.TokopediaProduct">
        <test-method signature="tokopediaProductTest()[pri:0, instance:com.test.tokopedia.TokopediaProduct@53aac487]" started-at="2023-01-11T15:23:10 WIB" name="tokopediaProductTest" finished-at="2023-01-11T15:23:15 WIB" duration-ms="4796" status="PASS">
          <reporter-output>
          </reporter-output>
        </test-method> <!-- tokopediaProductTest -->
      </class> <!-- com.test.tokopedia.TokopediaProduct -->
    </test> <!-- Test -->
  </suite> <!-- Suite -->
</testng-results>
