<?xml version="1.0" encoding="UTF-8"?>
<testng-results ignored="0" total="2" passed="2" failed="0" skipped="0">
  <reporter-output>
  </reporter-output>
  <suite started-at="2023-01-11T15:03:11 WIB" name="Default suite" finished-at="2023-01-11T15:03:11 WIB" duration-ms="221">
    <groups>
      <group name="cucumber">
        <method signature="AbstractTestNGCucumberTests.runScenario(io.cucumber.testng.PickleWrapper,io.cucumber.testng.FeatureWrapper)[pri:0, instance:runner.RunnerTestNGTestPalindrom@449a4f23]" name="runScenario" class="io.cucumber.testng.AbstractTestNGCucumberTests"/>
      </group> <!-- cucumber -->
    </groups>
    <test started-at="2023-01-11T15:03:11 WIB" name="Default test" finished-at="2023-01-11T15:03:11 WIB" duration-ms="221">
      <class name="runner.RunnerTestNGTestPalindrom">
        <test-method is-config="true" signature="setUpClass()[pri:0, instance:runner.RunnerTestNGTestPalindrom@449a4f23]" started-at="2023-01-11T15:03:11 WIB" name="setUpClass" finished-at="2023-01-11T15:03:11 WIB" duration-ms="130" status="PASS">
          <reporter-output>
          </reporter-output>
        </test-method> <!-- setUpClass -->
        <test-method signature="runScenario(io.cucumber.testng.PickleWrapper,io.cucumber.testng.FeatureWrapper)[pri:0, instance:runner.RunnerTestNGTestPalindrom@449a4f23]" started-at="2023-01-11T15:03:11 WIB" name="runScenario" description="Runs Cucumber Scenarios" data-provider="scenarios" finished-at="2023-01-11T15:03:11 WIB" duration-ms="57" status="PASS">
          <params>
            <param index="0">
              <value>
                <![CDATA["test valid palindrom"]]>
              </value>
            </param>
            <param index="1">
              <value>
                <![CDATA["palindrom word"]]>
              </value>
            </param>
          </params>
          <reporter-output>
          </reporter-output>
        </test-method> <!-- runScenario -->
        <test-method signature="runScenario(io.cucumber.testng.PickleWrapper,io.cucumber.testng.FeatureWrapper)[pri:0, instance:runner.RunnerTestNGTestPalindrom@449a4f23]" started-at="2023-01-11T15:03:11 WIB" name="runScenario" description="Runs Cucumber Scenarios" data-provider="scenarios" finished-at="2023-01-11T15:03:11 WIB" duration-ms="2" status="PASS">
          <params>
            <param index="0">
              <value>
                <![CDATA["test invalid palindrom"]]>
              </value>
            </param>
            <param index="1">
              <value>
                <![CDATA["palindrom word"]]>
              </value>
            </param>
          </params>
          <reporter-output>
          </reporter-output>
        </test-method> <!-- runScenario -->
        <test-method is-config="true" signature="tearDownClass()[pri:0, instance:runner.RunnerTestNGTestPalindrom@449a4f23]" started-at="2023-01-11T15:03:11 WIB" name="tearDownClass" finished-at="2023-01-11T15:03:11 WIB" duration-ms="2" status="PASS">
          <reporter-output>
          </reporter-output>
        </test-method> <!-- tearDownClass -->
      </class> <!-- runner.RunnerTestNGTestPalindrom -->
    </test> <!-- Default test -->
  </suite> <!-- Default suite -->
</testng-results>
